0 info it worked if it ends with ok
1 verbose cli [ 'node', '/Users/pikos/.nvm/v0.10.25/bin/npm', 'start' ]
2 info using npm@1.3.25
3 info using node@v0.10.25
4 verbose run-script [ 'prestart', 'start', 'poststart' ]
5 info prestart mapreducejs@0.0.0
6 info start mapreducejs@0.0.0
7 verbose unsafe-perm in lifecycle true
8 info mapreducejs@0.0.0 Failed to exec start script
9 error mapreducejs@0.0.0 start: `node server.js`
9 error Exit status 8
10 error Failed at the mapreducejs@0.0.0 start script.
10 error This is most likely a problem with the mapreducejs package,
10 error not with npm itself.
10 error Tell the author that this fails on your system:
10 error     node server.js
10 error You can get their info via:
10 error     npm owner ls mapreducejs
10 error There is likely additional logging output above.
11 error System Darwin 13.0.0
12 error command "node" "/Users/pikos/.nvm/v0.10.25/bin/npm" "start"
13 error cwd /private/var/www/bagend/mapReduce
14 error node -v v0.10.25
15 error npm -v 1.3.25
16 error code ELIFECYCLE
17 verbose exit [ 1, true ]
